#
# CLOUD genostack
#-------------------------------------------------------------------
#
# IMAGE = jupyterhub-img_2026
# SERVER_NAME = jupystack_2026
# FLAVOR = m1.xlarge
# KEYPAIR = genostack
#
# Create the instance jupystack_2026
+--------------------------------------+------------------------------------------------------------------+
| Property                             | Value                                                            |
+--------------------------------------+------------------------------------------------------------------+
| OS-DCF:diskConfig                    | MANUAL                                                           |
| OS-EXT-AZ:availability_zone          |                                                                  |
| OS-EXT-STS:power_state               | 0                                                                |
| OS-EXT-STS:task_state                | scheduling                                                       |
| OS-EXT-STS:vm_state                  | building                                                         |
| OS-SRV-USG:launched_at               | -                                                                |
| OS-SRV-USG:terminated_at             | -                                                                |
| accessIPv4                           |                                                                  |
| accessIPv6                           |                                                                  |
| adminPass                            | s8w2CyoRY6Xw                                                     |
| config_drive                         |                                                                  |
| created                              | 2026-02-23T07:13:47Z                                             |
| description                          | -                                                                |
| flavor:disk                          | 20                                                               |
| flavor:ephemeral                     | 0                                                                |
| flavor:extra_specs                   | {}                                                               |
| flavor:original_name                 | m1.xlarge                                                        |
| flavor:ram                           | 16384                                                            |
| flavor:swap                          | 0                                                                |
| flavor:vcpus                         | 8                                                                |
| hostId                               |                                                                  |
| id                                   | 1ead45db-8623-481a-bd81-a229a52aad8d                             |
| image                                | jupyterhub-img_2026 (820062d6-d7de-467d-b9e7-979e2901687d)       |
| key_name                             | genostack                                                        |
| locked                               | False                                                            |
| locked_reason                        | -                                                                |
| metadata                             | {}                                                               |
| name                                 | jupystack_2026                                                   |
| os-extended-volumes:volumes_attached | []                                                               |
| progress                             | 0                                                                |
| security_groups                      | default                                                          |
| server_groups                        | []                                                               |
| status                               | BUILD                                                            |
| tags                                 | []                                                               |
| trusted_image_certificates           | -                                                                |
| updated                              | 2026-02-23T07:13:47Z                                             |
| user_id                              | dc8e832181f47fb1208871074b20d25c2d1fa327400d93dc57287a90860df6a7 |
+--------------------------------------+------------------------------------------------------------------+
