virtualbox-iso: output will be in this color.

==> virtualbox-iso: Retrieving Guest additions
==> virtualbox-iso: Trying C:\Program Files\Oracle\VirtualBox/VBoxGuestAdditions.iso
==> virtualbox-iso: Trying file://C:/Program%20Files/Oracle/VirtualBox/VBoxGuestAdditions.iso
==> virtualbox-iso: file://C:/Program%20Files/Oracle/VirtualBox/VBoxGuestAdditions.iso => C:/Program Files/Oracle/VirtualBox/VBoxGuestAdditions.iso
==> virtualbox-iso: Retrieving ISO
==> virtualbox-iso: Trying ../iso/ubuntu-18.04.5-server-amd64.iso
==> virtualbox-iso: Trying ../iso/ubuntu-18.04.5-server-amd64.iso?checksum=sha256%3A8c5fc24894394035402f66f3824beb7234b757dd2b5531379cb310cedfdf0996
==> virtualbox-iso: ../iso/ubuntu-18.04.5-server-amd64.iso?checksum=sha256%3A8c5fc24894394035402f66f3824beb7234b757dd2b5531379cb310cedfdf0996 => C:/VirtualMach/Vagrant/iso/ubuntu-18.04.5-server-amd64.iso
==> virtualbox-iso: Starting HTTP server on port 8178
==> virtualbox-iso: Creating virtual machine...
==> virtualbox-iso: Creating hard drive...
==> virtualbox-iso: Creating forwarded port mapping for communicator (SSH, WinRM, etc) (host port 3266)
==> virtualbox-iso: Executing custom VBoxManage commands...
    virtualbox-iso: Executing: modifyvm packer-ubuntu-18.04-amd64 --memory 2048
    virtualbox-iso: Executing: modifyvm packer-ubuntu-18.04-amd64 --cpus 2
==> virtualbox-iso: Starting the virtual machine...
    virtualbox-iso: The VM will be run headless, without a GUI. If you want to
    virtualbox-iso: view the screen of the VM, connect via VRDP without a password to
    virtualbox-iso: rdp://127.0.0.1:5977
==> virtualbox-iso: Waiting 10s for boot...
==> virtualbox-iso: Typing the boot command...
==> virtualbox-iso: Using ssh communicator to connect: 127.0.0.1
==> virtualbox-iso: Waiting for SSH to become available...
==> virtualbox-iso: Connected to SSH!
==> virtualbox-iso: Uploading VirtualBox version info (6.1.12)
==> virtualbox-iso: Uploading VirtualBox guest additions ISO...
==> virtualbox-iso: Provisioning with shell script: scripts/setup.sh
==> virtualbox-iso: [sudo] password for vagrant: mount: /media/cdrom: WARNING: device write-protected, mounted read-only.
    virtualbox-iso: Verifying archive integrity... All good.
    virtualbox-iso: Uncompressing VirtualBox 6.1.12 Guest Additions for Linux........
==> virtualbox-iso: VirtualBox Guest Additions installer
==> virtualbox-iso: Copying additional installer modules ...
==> virtualbox-iso: Installing additional modules ...
    virtualbox-iso: VirtualBox Guest Additions: Starting.
    virtualbox-iso: VirtualBox Guest Additions: Building the VirtualBox Guest Additions kernel
    virtualbox-iso: modules.  This may take a while.
    virtualbox-iso: VirtualBox Guest Additions: To build modules for other installed kernels, run
    virtualbox-iso: VirtualBox Guest Additions:   /sbin/rcvboxadd quicksetup <version>
    virtualbox-iso: VirtualBox Guest Additions: or
    virtualbox-iso: VirtualBox Guest Additions:   /sbin/rcvboxadd quicksetup all
    virtualbox-iso: VirtualBox Guest Additions: Building the modules for kernel 4.15.0-112-generic.
    virtualbox-iso: update-initramfs: Generating /boot/initrd.img-4.15.0-112-generic
    virtualbox-iso: VirtualBox Guest Additions: Running kernel modules will not be replaced until
    virtualbox-iso: the system is restarted
    virtualbox-iso: Hit:1 http://us.archive.ubuntu.com/ubuntu bionic InRelease
    virtualbox-iso: Hit:2 http://security.ubuntu.com/ubuntu bionic-security InRelease
    virtualbox-iso: Get:3 http://us.archive.ubuntu.com/ubuntu bionic-updates InRelease [88.7 kB]
    virtualbox-iso: Get:4 http://us.archive.ubuntu.com/ubuntu bionic-backports InRelease [74.6 kB]
    virtualbox-iso: Get:5 http://us.archive.ubuntu.com/ubuntu bionic-updates/main i386 Packages [741 kB]
    virtualbox-iso: Get:6 http://us.archive.ubuntu.com/ubuntu bionic-updates/main amd64 Packages [1,072 kB]
    virtualbox-iso: Get:7 http://us.archive.ubuntu.com/ubuntu bionic-updates/universe i386 Packages [1,028 kB]
    virtualbox-iso: Get:8 http://us.archive.ubuntu.com/ubuntu bionic-updates/universe amd64 Packages [1,107 kB]
    virtualbox-iso: Fetched 4,111 kB in 7s (586 kB/s)
    virtualbox-iso: Reading package lists...
    virtualbox-iso: Reading package lists...
    virtualbox-iso: Building dependency tree...
    virtualbox-iso: Reading state information...
    virtualbox-iso: apt is already the newest version (1.6.12ubuntu0.1).
    virtualbox-iso: rsync is already the newest version (3.1.2-2.1ubuntu1.1).
    virtualbox-iso: The following additional packages will be installed:
    virtualbox-iso:   cloud-guest-utils eatmydata gdisk libcurl4 libeatmydata1 libnghttp2-14
    virtualbox-iso:   librtmp1 python3-asn1crypto python3-blinker python3-cffi-backend
    virtualbox-iso:   python3-configobj python3-cryptography python3-jinja2 python3-json-pointer
    virtualbox-iso:   python3-jsonpatch python3-jsonschema python3-jwt python3-markupsafe
    virtualbox-iso:   python3-oauthlib python3-serial python3-software-properties
    virtualbox-iso:   software-properties-common unattended-upgrades
    virtualbox-iso: Suggested packages:
    virtualbox-iso:   python-blinker-doc python-configobj-doc python-cryptography-doc
    virtualbox-iso:   python3-cryptography-vectors python-jinja2-doc python3-crypto
    virtualbox-iso:   python3-wxgtk3.0 | python3-wxgtk bsd-mailx default-mta
    virtualbox-iso:   | mail-transport-agent needrestart
    virtualbox-iso: The following NEW packages will be installed:
    virtualbox-iso:   cloud-guest-utils cloud-init curl eatmydata gdisk libcurl4 libeatmydata1
    virtualbox-iso:   libnghttp2-14 librtmp1 net-tools python3-asn1crypto python3-blinker
    virtualbox-iso:   python3-cffi-backend python3-configobj python3-cryptography python3-jinja2
    virtualbox-iso:   python3-json-pointer python3-jsonpatch python3-jsonschema python3-jwt
    virtualbox-iso:   python3-markupsafe python3-oauthlib python3-serial
    virtualbox-iso:   python3-software-properties software-properties-common unattended-upgrades
    virtualbox-iso:   whois
    virtualbox-iso: 0 upgraded, 27 newly installed, 0 to remove and 24 not upgraded.
    virtualbox-iso: Need to get 2,182 kB of archives.
    virtualbox-iso: After this operation, 10.4 MB of additional disk space will be used.
    virtualbox-iso: Get:1 http://us.archive.ubuntu.com/ubuntu bionic/main amd64 libnghttp2-14 amd64 1.30.0-1ubuntu1 [77.8 kB]
    virtualbox-iso: Get:2 http://us.archive.ubuntu.com/ubuntu bionic/main amd64 librtmp1 amd64 2.4+20151223.gitfa8646d.1-1 [54.2 kB]
    virtualbox-iso: Get:3 http://us.archive.ubuntu.com/ubuntu bionic-updates/main amd64 libcurl4 amd64 7.58.0-2ubuntu3.10 [214 kB]
    virtualbox-iso: Get:4 http://us.archive.ubuntu.com/ubuntu bionic-updates/main amd64 curl amd64 7.58.0-2ubuntu3.10 [159 kB]
    virtualbox-iso: Get:5 http://us.archive.ubuntu.com/ubuntu bionic/main amd64 libeatmydata1 amd64 105-6 [6,932 B]
    virtualbox-iso: Get:6 http://us.archive.ubuntu.com/ubuntu bionic/main amd64 eatmydata all 105-6 [5,404 B]
    virtualbox-iso: Get:7 http://us.archive.ubuntu.com/ubuntu bionic/main amd64 net-tools amd64 1.60+git20161116.90da8a0-1ubuntu1 [194 kB]
    virtualbox-iso: Get:8 http://us.archive.ubuntu.com/ubuntu bionic/main amd64 python3-asn1crypto all 0.24.0-1 [72.8 kB]
    virtualbox-iso: Get:9 http://us.archive.ubuntu.com/ubuntu bionic/main amd64 python3-blinker all 1.4+dfsg1-0.1 [13.1 kB]
    virtualbox-iso: Get:10 http://us.archive.ubuntu.com/ubuntu bionic/main amd64 python3-cffi-backend amd64 1.11.5-1 [64.6 kB]
    virtualbox-iso: Get:11 http://us.archive.ubuntu.com/ubuntu bionic/main amd64 python3-configobj all 5.0.6-2 [34.2 kB]
    virtualbox-iso: Get:12 http://us.archive.ubuntu.com/ubuntu bionic-updates/main amd64 python3-cryptography amd64 2.1.4-1ubuntu1.3 [221 kB]
    virtualbox-iso: Get:13 http://us.archive.ubuntu.com/ubuntu bionic/main amd64 python3-markupsafe amd64 1.0-1build1 [13.5 kB]
    virtualbox-iso: Get:14 http://us.archive.ubuntu.com/ubuntu bionic-updates/main amd64 python3-jinja2 all 2.10-1ubuntu0.18.04.1 [95.4 kB]
    virtualbox-iso: Get:15 http://us.archive.ubuntu.com/ubuntu bionic/main amd64 python3-json-pointer all 1.10-1 [7,478 B]
    virtualbox-iso: Get:16 http://us.archive.ubuntu.com/ubuntu bionic/main amd64 python3-jsonpatch all 1.19+really1.16-1fakesync1 [13.4 kB]
    virtualbox-iso: Get:17 http://us.archive.ubuntu.com/ubuntu bionic/main amd64 python3-jsonschema all 2.6.0-2 [31.2 kB]
    virtualbox-iso: Get:18 http://us.archive.ubuntu.com/ubuntu bionic/main amd64 python3-jwt all 1.5.3+ds1-1 [15.9 kB]
    virtualbox-iso: Get:19 http://us.archive.ubuntu.com/ubuntu bionic/main amd64 python3-oauthlib all 2.0.6-1 [70.2 kB]
    virtualbox-iso: Get:20 http://us.archive.ubuntu.com/ubuntu bionic/main amd64 python3-serial all 3.4-2 [56.5 kB]
    virtualbox-iso: Get:21 http://us.archive.ubuntu.com/ubuntu bionic-updates/main amd64 python3-software-properties all 0.96.24.32.14 [23.9 kB]
    virtualbox-iso: Get:22 http://us.archive.ubuntu.com/ubuntu bionic-updates/main amd64 software-properties-common all 0.96.24.32.14 [10.1 kB]
    virtualbox-iso: Get:23 http://us.archive.ubuntu.com/ubuntu bionic-updates/main amd64 unattended-upgrades all 1.1ubuntu1.18.04.14 [41.7 kB]
    virtualbox-iso: Get:24 http://us.archive.ubuntu.com/ubuntu bionic/main amd64 whois amd64 5.3.0 [43.7 kB]
    virtualbox-iso: Get:25 http://us.archive.ubuntu.com/ubuntu bionic/main amd64 cloud-guest-utils all 0.30-0ubuntu5 [15.3 kB]
    virtualbox-iso: Get:26 http://us.archive.ubuntu.com/ubuntu bionic-updates/main amd64 cloud-init all 20.2-45-g5f7825e2-0ubuntu1~18.04.1 [422 kB]
    virtualbox-iso: Get:27 http://us.archive.ubuntu.com/ubuntu bionic/main amd64 gdisk amd64 1.0.3-1 [205 kB]
==> virtualbox-iso: debconf: unable to initialize frontend: Dialog
==> virtualbox-iso: debconf: (Dialog frontend will not work on a dumb terminal, an emacs shell buffer, or without a controlling terminal.)
==> virtualbox-iso: debconf: falling back to frontend: Readline
==> virtualbox-iso: debconf: unable to initialize frontend: Readline
==> virtualbox-iso: debconf: (This frontend requires a controlling tty.)
==> virtualbox-iso: debconf: falling back to frontend: Teletype
==> virtualbox-iso: dpkg-preconfigure: unable to re-open stdin:
    virtualbox-iso: Fetched 2,182 kB in 4s (615 kB/s)
    virtualbox-iso: Selecting previously unselected package libnghttp2-14:amd64.
    virtualbox-iso: (Reading database ... 67853 files and directories currently installed.)
    virtualbox-iso: Preparing to unpack .../00-libnghttp2-14_1.30.0-1ubuntu1_amd64.deb ...
    virtualbox-iso: Unpacking libnghttp2-14:amd64 (1.30.0-1ubuntu1) ...
    virtualbox-iso: Selecting previously unselected package librtmp1:amd64.
    virtualbox-iso: Preparing to unpack .../01-librtmp1_2.4+20151223.gitfa8646d.1-1_amd64.deb ...
    virtualbox-iso: Unpacking librtmp1:amd64 (2.4+20151223.gitfa8646d.1-1) ...
    virtualbox-iso: Selecting previously unselected package libcurl4:amd64.
    virtualbox-iso: Preparing to unpack .../02-libcurl4_7.58.0-2ubuntu3.10_amd64.deb ...
    virtualbox-iso: Unpacking libcurl4:amd64 (7.58.0-2ubuntu3.10) ...
    virtualbox-iso: Selecting previously unselected package curl.
    virtualbox-iso: Preparing to unpack .../03-curl_7.58.0-2ubuntu3.10_amd64.deb ...
    virtualbox-iso: Unpacking curl (7.58.0-2ubuntu3.10) ...
    virtualbox-iso: Selecting previously unselected package libeatmydata1:amd64.
    virtualbox-iso: Preparing to unpack .../04-libeatmydata1_105-6_amd64.deb ...
    virtualbox-iso: Unpacking libeatmydata1:amd64 (105-6) ...
    virtualbox-iso: Selecting previously unselected package eatmydata.
    virtualbox-iso: Preparing to unpack .../05-eatmydata_105-6_all.deb ...
    virtualbox-iso: Unpacking eatmydata (105-6) ...
    virtualbox-iso: Selecting previously unselected package net-tools.
    virtualbox-iso: Preparing to unpack .../06-net-tools_1.60+git20161116.90da8a0-1ubuntu1_amd64.deb ...
    virtualbox-iso: Unpacking net-tools (1.60+git20161116.90da8a0-1ubuntu1) ...
    virtualbox-iso: Selecting previously unselected package python3-asn1crypto.
    virtualbox-iso: Preparing to unpack .../07-python3-asn1crypto_0.24.0-1_all.deb ...
    virtualbox-iso: Unpacking python3-asn1crypto (0.24.0-1) ...
    virtualbox-iso: Selecting previously unselected package python3-blinker.
    virtualbox-iso: Preparing to unpack .../08-python3-blinker_1.4+dfsg1-0.1_all.deb ...
    virtualbox-iso: Unpacking python3-blinker (1.4+dfsg1-0.1) ...
    virtualbox-iso: Selecting previously unselected package python3-cffi-backend.
    virtualbox-iso: Preparing to unpack .../09-python3-cffi-backend_1.11.5-1_amd64.deb ...
    virtualbox-iso: Unpacking python3-cffi-backend (1.11.5-1) ...
    virtualbox-iso: Selecting previously unselected package python3-configobj.
    virtualbox-iso: Preparing to unpack .../10-python3-configobj_5.0.6-2_all.deb ...
    virtualbox-iso: Unpacking python3-configobj (5.0.6-2) ...
    virtualbox-iso: Selecting previously unselected package python3-cryptography.
    virtualbox-iso: Preparing to unpack .../11-python3-cryptography_2.1.4-1ubuntu1.3_amd64.deb ...
    virtualbox-iso: Unpacking python3-cryptography (2.1.4-1ubuntu1.3) ...
    virtualbox-iso: Selecting previously unselected package python3-markupsafe.
    virtualbox-iso: Preparing to unpack .../12-python3-markupsafe_1.0-1build1_amd64.deb ...
    virtualbox-iso: Unpacking python3-markupsafe (1.0-1build1) ...
    virtualbox-iso: Selecting previously unselected package python3-jinja2.
    virtualbox-iso: Preparing to unpack .../13-python3-jinja2_2.10-1ubuntu0.18.04.1_all.deb ...
    virtualbox-iso: Unpacking python3-jinja2 (2.10-1ubuntu0.18.04.1) ...
    virtualbox-iso: Selecting previously unselected package python3-json-pointer.
    virtualbox-iso: Preparing to unpack .../14-python3-json-pointer_1.10-1_all.deb ...
    virtualbox-iso: Unpacking python3-json-pointer (1.10-1) ...
    virtualbox-iso: Selecting previously unselected package python3-jsonpatch.
    virtualbox-iso: Preparing to unpack .../15-python3-jsonpatch_1.19+really1.16-1fakesync1_all.deb ...
    virtualbox-iso: Unpacking python3-jsonpatch (1.19+really1.16-1fakesync1) ...
    virtualbox-iso: Selecting previously unselected package python3-jsonschema.
    virtualbox-iso: Preparing to unpack .../16-python3-jsonschema_2.6.0-2_all.deb ...
    virtualbox-iso: Unpacking python3-jsonschema (2.6.0-2) ...
    virtualbox-iso: Selecting previously unselected package python3-jwt.
    virtualbox-iso: Preparing to unpack .../17-python3-jwt_1.5.3+ds1-1_all.deb ...
    virtualbox-iso: Unpacking python3-jwt (1.5.3+ds1-1) ...
    virtualbox-iso: Selecting previously unselected package python3-oauthlib.
    virtualbox-iso: Preparing to unpack .../18-python3-oauthlib_2.0.6-1_all.deb ...
    virtualbox-iso: Unpacking python3-oauthlib (2.0.6-1) ...
    virtualbox-iso: Selecting previously unselected package python3-serial.
    virtualbox-iso: Preparing to unpack .../19-python3-serial_3.4-2_all.deb ...
    virtualbox-iso: Unpacking python3-serial (3.4-2) ...
    virtualbox-iso: Selecting previously unselected package python3-software-properties.
    virtualbox-iso: Preparing to unpack .../20-python3-software-properties_0.96.24.32.14_all.deb ...
    virtualbox-iso: Unpacking python3-software-properties (0.96.24.32.14) ...
    virtualbox-iso: Selecting previously unselected package software-properties-common.
    virtualbox-iso: Preparing to unpack .../21-software-properties-common_0.96.24.32.14_all.deb ...
    virtualbox-iso: Unpacking software-properties-common (0.96.24.32.14) ...
    virtualbox-iso: Selecting previously unselected package unattended-upgrades.
    virtualbox-iso: Preparing to unpack .../22-unattended-upgrades_1.1ubuntu1.18.04.14_all.deb ...
    virtualbox-iso: Unpacking unattended-upgrades (1.1ubuntu1.18.04.14) ...
    virtualbox-iso: Selecting previously unselected package whois.
    virtualbox-iso: Preparing to unpack .../23-whois_5.3.0_amd64.deb ...
    virtualbox-iso: Unpacking whois (5.3.0) ...
    virtualbox-iso: Selecting previously unselected package cloud-guest-utils.
    virtualbox-iso: Preparing to unpack .../24-cloud-guest-utils_0.30-0ubuntu5_all.deb ...
    virtualbox-iso: Unpacking cloud-guest-utils (0.30-0ubuntu5) ...
    virtualbox-iso: Selecting previously unselected package cloud-init.
    virtualbox-iso: Preparing to unpack .../25-cloud-init_20.2-45-g5f7825e2-0ubuntu1~18.04.1_all.deb ...
    virtualbox-iso: Unpacking cloud-init (20.2-45-g5f7825e2-0ubuntu1~18.04.1) ...
    virtualbox-iso: Selecting previously unselected package gdisk.
    virtualbox-iso: Preparing to unpack .../26-gdisk_1.0.3-1_amd64.deb ...
    virtualbox-iso: Unpacking gdisk (1.0.3-1) ...
    virtualbox-iso: Setting up cloud-guest-utils (0.30-0ubuntu5) ...
    virtualbox-iso: Setting up libnghttp2-14:amd64 (1.30.0-1ubuntu1) ...
    virtualbox-iso: Setting up python3-serial (3.4-2) ...
    virtualbox-iso: Setting up python3-cffi-backend (1.11.5-1) ...
    virtualbox-iso: Setting up libeatmydata1:amd64 (105-6) ...
    virtualbox-iso: Setting up python3-json-pointer (1.10-1) ...
    virtualbox-iso: update-alternatives: using /usr/bin/python3-jsonpointer to provide /usr/bin/jsonpointer (jsonpointer) in auto mode
    virtualbox-iso: Setting up whois (5.3.0) ...
    virtualbox-iso: Setting up librtmp1:amd64 (2.4+20151223.gitfa8646d.1-1) ...
    virtualbox-iso: Setting up python3-markupsafe (1.0-1build1) ...
    virtualbox-iso: Setting up python3-jsonschema (2.6.0-2) ...
    virtualbox-iso: update-alternatives: using /usr/bin/python3-jsonschema to provide /usr/bin/jsonschema (jsonschema) in auto mode
    virtualbox-iso: Setting up python3-asn1crypto (0.24.0-1) ...
    virtualbox-iso: Setting up python3-blinker (1.4+dfsg1-0.1) ...
    virtualbox-iso: Setting up python3-jinja2 (2.10-1ubuntu0.18.04.1) ...
    virtualbox-iso: Setting up gdisk (1.0.3-1) ...
    virtualbox-iso: Setting up python3-jsonpatch (1.19+really1.16-1fakesync1) ...
    virtualbox-iso: update-alternatives: using /usr/bin/python3-jsondiff to provide /usr/bin/jsondiff (jsondiff) in auto mode
    virtualbox-iso: update-alternatives: using /usr/bin/python3-jsonpatch to provide /usr/bin/jsonpatch (jsonpatch) in auto mode
    virtualbox-iso: Setting up unattended-upgrades (1.1ubuntu1.18.04.14) ...
    virtualbox-iso: debconf: unable to initialize frontend: Dialog
    virtualbox-iso: debconf: (Dialog frontend will not work on a dumb terminal, an emacs shell buffer, or without a controlling terminal.)
    virtualbox-iso: debconf: falling back to frontend: Readline
    virtualbox-iso:
    virtualbox-iso: Creating config file /etc/apt/apt.conf.d/50unattended-upgrades with new version
    virtualbox-iso: Created symlink /etc/systemd/system/multi-user.target.wants/unattended-upgrades.service → /lib/systemd/system/unattended-upgrades.service.
    virtualbox-iso: Synchronizing state of unattended-upgrades.service with SysV service script with /lib/systemd/systemd-sysv-install.
    virtualbox-iso: Executing: /lib/systemd/systemd-sysv-install enable unattended-upgrades
    virtualbox-iso: Setting up python3-software-properties (0.96.24.32.14) ...
    virtualbox-iso: Setting up python3-configobj (5.0.6-2) ...
    virtualbox-iso: Setting up net-tools (1.60+git20161116.90da8a0-1ubuntu1) ...
    virtualbox-iso: Setting up python3-jwt (1.5.3+ds1-1) ...
    virtualbox-iso: Setting up software-properties-common (0.96.24.32.14) ...
    virtualbox-iso: Setting up python3-cryptography (2.1.4-1ubuntu1.3) ...
    virtualbox-iso: Setting up eatmydata (105-6) ...
    virtualbox-iso: Setting up libcurl4:amd64 (7.58.0-2ubuntu3.10) ...
    virtualbox-iso: Setting up python3-oauthlib (2.0.6-1) ...
    virtualbox-iso: Setting up cloud-init (20.2-45-g5f7825e2-0ubuntu1~18.04.1) ...
    virtualbox-iso: debconf: unable to initialize frontend: Dialog
    virtualbox-iso: debconf: (Dialog frontend will not work on a dumb terminal, an emacs shell buffer, or without a controlling terminal.)
    virtualbox-iso: debconf: falling back to frontend: Readline
    virtualbox-iso: No diversion 'diversion of /etc/init/ureadahead.conf to /etc/init/ureadahead.conf.disabled by cloud-init', none removed.
    virtualbox-iso: Created symlink /etc/systemd/system/cloud-init.target.wants/cloud-config.service → /lib/systemd/system/cloud-config.service.
    virtualbox-iso: Created symlink /etc/systemd/system/cloud-init.target.wants/cloud-final.service → /lib/systemd/system/cloud-final.service.
    virtualbox-iso: Created symlink /etc/systemd/system/cloud-init.target.wants/cloud-init-local.service → /lib/systemd/system/cloud-init-local.service.
    virtualbox-iso: Created symlink /etc/systemd/system/cloud-init.target.wants/cloud-init.service → /lib/systemd/system/cloud-init.service.
    virtualbox-iso: Setting up curl (7.58.0-2ubuntu3.10) ...
    virtualbox-iso: Processing triggers for systemd (237-3ubuntu10.42) ...
    virtualbox-iso: Processing triggers for man-db (2.8.3-2ubuntu0.1) ...
    virtualbox-iso: Processing triggers for dbus (1.12.2-1ubuntu1.2) ...
    virtualbox-iso: Processing triggers for rsyslog (8.32.0-1ubuntu4) ...
    virtualbox-iso: Processing triggers for ureadahead (0.100.0-21) ...
    virtualbox-iso: Processing triggers for libc-bin (2.27-3ubuntu1.2) ...
==> virtualbox-iso: --2020-09-09 07:43:55--  https://github.com/mitchellh/vagrant/raw/master/keys/vagrant.pub
==> virtualbox-iso: Resolving github.com (github.com)... 140.82.121.3
==> virtualbox-iso: Connecting to github.com (github.com)|140.82.121.3|:443... connected.
==> virtualbox-iso: HTTP request sent, awaiting response... 301 Moved Permanently
==> virtualbox-iso: Location: https://github.com/hashicorp/vagrant/raw/master/keys/vagrant.pub [following]
==> virtualbox-iso: --2020-09-09 07:43:55--  https://github.com/hashicorp/vagrant/raw/master/keys/vagrant.pub
==> virtualbox-iso: Reusing existing connection to github.com:443.
==> virtualbox-iso: HTTP request sent, awaiting response... 302 Found
==> virtualbox-iso: Location: https://raw.githubusercontent.com/hashicorp/vagrant/master/keys/vagrant.pub [following]
==> virtualbox-iso: --2020-09-09 07:43:55--  https://raw.githubusercontent.com/hashicorp/vagrant/master/keys/vagrant.pub
==> virtualbox-iso: Resolving raw.githubusercontent.com (raw.githubusercontent.com)... 151.101.120.133
==> virtualbox-iso: Connecting to raw.githubusercontent.com (raw.githubusercontent.com)|151.101.120.133|:443... connected.
==> virtualbox-iso: HTTP request sent, awaiting response... 200 OK
==> virtualbox-iso: Length: 409 [text/plain]
==> virtualbox-iso: Saving to: ‘/home/vagrant/.ssh/authorized_keys’
==> virtualbox-iso:
==> virtualbox-iso:      0K                                                       100% 1.53M=0s
==> virtualbox-iso:
==> virtualbox-iso: 2020-09-09 07:43:56 (1.53 MB/s) - ‘/home/vagrant/.ssh/authorized_keys’ saved [409/409]
==> virtualbox-iso:
==> virtualbox-iso: Gracefully halting virtual machine...
==> virtualbox-iso: Preparing to export machine...
    virtualbox-iso: Deleting forwarded port mapping for the communicator (SSH, WinRM, etc) (host port 3266)
==> virtualbox-iso: Exporting virtual machine...
    virtualbox-iso: Executing: export packer-ubuntu-18.04-amd64 --output output-virtualbox-iso\packer-ubuntu-18.04-amd64.ovf
==> virtualbox-iso: Cleaning up floppy disk...
==> virtualbox-iso: Deregistering and deleting VM...
==> virtualbox-iso: Running post-processor: vagrant
==> virtualbox-iso (vagrant): Creating a dummy Vagrant box to ensure the host system can create one correctly
==> virtualbox-iso (vagrant): Creating Vagrant box for 'virtualbox' provider
    virtualbox-iso (vagrant): Copying from artifact: output-virtualbox-iso\packer-ubuntu-18.04-amd64-disk001.vmdk
    virtualbox-iso (vagrant): Copying from artifact: output-virtualbox-iso\packer-ubuntu-18.04-amd64.ovf
    virtualbox-iso (vagrant): Renaming the OVF to box.ovf...
    virtualbox-iso (vagrant): Compressing: Vagrantfile
    virtualbox-iso (vagrant): Compressing: box.ovf
    virtualbox-iso (vagrant): Compressing: metadata.json
    virtualbox-iso (vagrant): Compressing: packer-ubuntu-18.04-amd64-disk001.vmdk
Build 'virtualbox-iso' finished.

==> Builds finished. The artifacts of successful builds are:
--> virtualbox-iso: 'virtualbox' provider box: builds/virtualbox-ubuntu1804.box

real    13m21.110s
user    0m0.015s
sys     0m0.046s
